<?xml version="1.0" encoding="UTF-8"?>
<!-- Generated by org.testng.reporters.JUnitReportReporter -->
<testsuite hostname="DESKTOP-96GKBC4" failures="0" tests="10" name="com.qa.api.gorest.tests.CreateUserTest" time="5.131" errors="0" timestamp="2022-05-14T23:47:22 IST" skipped="0">
  <testcase classname="com.qa.api.gorest.tests.CreateUserTest" name="createAPIPOSTTest" time="0.389"/>
  <system-out/>
  <testcase classname="com.qa.api.gorest.tests.CreateUserTest" name="createAPIPOSTTest" time="0.415"/>
  <system-out/>
  <testcase classname="com.qa.api.gorest.tests.CreateUserTest" name="createAPIPOSTTest" time="0.384"/>
  <system-out/>
  <testcase classname="com.qa.api.gorest.tests.CreateUserTest" name="createAPIPOSTTest" time="0.403"/>
  <system-out/>
  <testcase classname="com.qa.api.gorest.tests.CreateUserTest" name="createAPIPOSTTest" time="0.432"/>
  <system-out/>
  <testcase classname="com.qa.api.gorest.tests.CreateUserTest" name="createAPIPOSTTest" time="1.571"/>
  <system-out/>
  <testcase classname="com.qa.api.gorest.tests.CreateUserTest" name="createAPIPOSTTest" time="0.398"/>
  <system-out/>
  <testcase classname="com.qa.api.gorest.tests.CreateUserTest" name="createAPIPOSTTest" time="0.379"/>
  <system-out/>
  <testcase classname="com.qa.api.gorest.tests.CreateUserTest" name="createAPIPOSTTest" time="0.382"/>
  <system-out/>
  <testcase classname="com.qa.api.gorest.tests.CreateUserTest" name="createAPIPOSTTest" time="0.378"/>
  <system-out/>
</testsuite> <!-- com.qa.api.gorest.tests.CreateUserTest -->
