<?xml version="1.0" encoding="UTF-8"?>
<!-- Generated by org.testng.reporters.JUnitReportReporter -->
<testsuite hostname="DESKTOP-96GKBC4" failures="0" tests="3" name="com.qa.api.gorest.tests.GetImgurAPITest" time="14.026" errors="0" timestamp="2022-05-14T23:47:22 IST" skipped="0">
  <testcase classname="com.qa.api.gorest.tests.GetImgurAPITest" name="getAccountBlockAPITest" time="3.408"/>
  <system-out/>
  <testcase classname="com.qa.api.gorest.tests.GetImgurAPITest" name="getAccountImage" time="5.328"/>
  <system-out/>
  <testcase classname="com.qa.api.gorest.tests.GetImgurAPITest" name="uploadImagePOSTApiTest" time="5.290"/>
  <system-out/>
</testsuite> <!-- com.qa.api.gorest.tests.GetImgurAPITest -->
