<?xml version="1.0" encoding="UTF-8"?>
<!-- Generated by org.testng.reporters.JUnitReportReporter -->
<testsuite hostname="DESKTOP-96GKBC4" failures="0" tests="1" name="HttpClientAPIs.GetUserApi" time="0.832" errors="0" timestamp="2022-05-22T09:08:54 IST" skipped="0">
  <testcase classname="HttpClientAPIs.GetUserApi" name="getUserTest" time="0.832"/>
  <system-out/>
</testsuite> <!-- HttpClientAPIs.GetUserApi -->
