<?xml version="1.0" encoding="UTF-8"?>
<!-- Generated by org.testng.reporters.JUnitReportReporter -->
<testsuite hostname="DESKTOP-96GKBC4" failures="0" tests="4" name="getApiTest.TestCase1" time="0.013" errors="0" timestamp="2022-05-03T19:06:27 IST" skipped="0">
  <testcase classname="getApiTest.TestCase1" name="case4" time="0.010"/>
  <system-out/>
  <testcase classname="getApiTest.TestCase1" name="case3" time="0.001"/>
  <system-out/>
  <testcase classname="getApiTest.TestCase1" name="case1" time="0.001"/>
  <system-out/>
  <testcase classname="getApiTest.TestCase1" name="case2" time="0.001"/>
  <system-out/>
</testsuite> <!-- getApiTest.TestCase1 -->
