<?xml version="1.0" encoding="UTF-8"?>
<!-- Generated by org.testng.reporters.JUnitReportReporter -->
<testsuite hostname="DESKTOP-96GKBC4" failures="0" tests="1" name="com.qa.api.gorest.pojo.UserResults" time="2.956" errors="0" timestamp="2022-05-13T21:13:43 IST" skipped="0">
  <testcase classname="com.qa.api.gorest.pojo.UserResults" name="createUserwithFullJson" time="2.956"/>
  <system-out/>
</testsuite> <!-- com.qa.api.gorest.pojo.UserResults -->
