<?xml version="1.0" encoding="UTF-8"?>
<!-- Generated by org.testng.reporters.JUnitReportReporter -->
<testsuite hostname="DESKTOP-96GKBC4" failures="0" tests="2" name="com.qa.api.gorest.tests.GetUserTest" time="2.928" errors="0" timestamp="2022-05-14T23:47:22 IST" skipped="0">
  <testcase classname="com.qa.api.gorest.tests.GetUserTest" name="getAllUserList" time="2.425"/>
  <system-out/>
  <testcase classname="com.qa.api.gorest.tests.GetUserTest" name="getUserWithQueryParamsAPITest" time="0.503"/>
  <system-out/>
</testsuite> <!-- com.qa.api.gorest.tests.GetUserTest -->
