<?xml version="1.0" encoding="UTF-8"?>
<!-- Generated by org.testng.reporters.JUnitReportReporter -->
<testsuite hostname="DESKTOP-96GKBC4" failures="0" tests="1" name="HttpClientAPIs.BasicAuthHandle" time="1.325" errors="0" timestamp="2022-05-22T11:06:22 IST" skipped="0">
  <testcase classname="HttpClientAPIs.BasicAuthHandle" name="basicAuthHandleTest" time="1.325"/>
  <system-out/>
</testsuite> <!-- HttpClientAPIs.BasicAuthHandle -->
